<?xml version="1.0" encoding="UTF-8"?>
<!-- Generated by org.testng.reporters.JUnitReportReporter -->
<testsuite hostname="DESKTOP-8T20SCF" failures="0" tests="1" name="sample.DemoTest" time="0.018" errors="0" timestamp="2022-10-15T10:21:38 IST" skipped="0">
  <testcase classname="sample.DemoTest" name="method" time="0.018"/>
  <system-out/>
</testsuite> <!-- sample.DemoTest -->
