<?xml version="1.0" encoding="UTF-8"?>
<!-- Generated by org.testng.reporters.JUnitReportReporter -->
<testsuite hostname="DESKTOP-8T20SCF" failures="0" tests="1" name="sample.SampleTest" time="0.011" errors="0" timestamp="2022-10-12T18:08:23 IST" skipped="0">
  <testcase classname="sample.SampleTest" name="method" time="0.011"/>
  <system-out/>
</testsuite> <!-- sample.SampleTest -->
