<?xml version="1.0" encoding="UTF-8"?>
<!-- Generated by org.testng.reporters.JUnitReportReporter -->
<testsuite hostname="DESKTOP-8T20SCF" failures="0" tests="1" name="sample.Sample" time="0.012" errors="0" timestamp="2022-10-10T16:31:28 IST" skipped="0">
  <testcase classname="sample.Sample" name="method" time="0.012"/>
  <system-out/>
</testsuite> <!-- sample.Sample -->
